# JRE version: OpenJDK Runtime Environment (17.0+35) (build 17+35-2724)
# Java VM: OpenJDK 64-Bit Server VM (17+35-2724, mixed mode, sharing, tiered, compressed oops, compressed class ptrs, g1 gc, windows-amd64)
GC Precious Log:
 CPUs: 6 total, 6 available
 Memory: 7861M
 Large Page Support: Disabled
 NUMA Support: Disabled
 Compressed Oops: Enabled (32-bit)
 Heap Region Size: 1M
 Heap Min Capacity: 8M
 Heap Initial Capacity: 124M
 Heap Max Capacity: 1966M
 Pre-touch: Disabled
 Parallel Workers: 6
 Concurrent Workers: 2
 Concurrent Refinement Workers: 6
 Periodic GC: Disabled
Heap:
 garbage-first heap   total 80896K, used 36655K [0x0000000085200000, 0x0000000100000000)
  region size 1024K, 4 young (4096K), 4 survivors (4096K)
 Metaspace       used 41223K, committed 41408K, reserved 1089536K
  class space    used 4934K, committed 5056K, reserved 1048576K
GC Heap History (19 events):
Event: 0.424 GC heap before
{Heap before GC invocations=0 (full 0):
 garbage-first heap   total 126976K, used 24576K [0x0000000085200000, 0x0000000100000000)
  region size 1024K, 21 young (21504K), 0 survivors (0K)
 Metaspace       used 6305K, committed 6464K, reserved 1064960K
  class space    used 624K, committed 704K, reserved 1048576K
}
Event: 0.429 GC heap after
{Heap after GC invocations=1 (full 0):
 garbage-first heap   total 126976K, used 5696K [0x0000000085200000, 0x0000000100000000)
  region size 1024K, 3 young (3072K), 3 survivors (3072K)
 Metaspace       used 6305K, committed 6464K, reserved 1064960K
  class space    used 624K, committed 704K, reserved 1048576K
}
Event: 0.810 GC heap before
{Heap before GC invocations=1 (full 0):
 garbage-first heap   total 126976K, used 34368K [0x0000000085200000, 0x0000000100000000)
  region size 1024K, 31 young (31744K), 3 survivors (3072K)
 Metaspace       used 12420K, committed 12544K, reserved 1064960K
  class space    used 1410K, committed 1472K, reserved 1048576K
}
Event: 0.816 GC heap after
{Heap after GC invocations=2 (full 0):
 garbage-first heap   total 126976K, used 8836K [0x0000000085200000, 0x0000000100000000)
  region size 1024K, 4 young (4096K), 4 survivors (4096K)
 Metaspace       used 12420K, committed 12544K, reserved 1064960K
  class space    used 1410K, committed 1472K, reserved 1048576K
}
Event: 1.353 GC heap before
{Heap before GC invocations=2 (full 0):
 garbage-first heap   total 126976K, used 56964K [0x0000000085200000, 0x0000000100000000)
  region size 1024K, 46 young (47104K), 4 survivors (4096K)
 Metaspace       used 21343K, committed 21504K, reserved 1073152K
  class space    used 2500K, committed 2624K, reserved 1048576K
}
Event: 1.363 GC heap after
{Heap after GC invocations=3 (full 0):
 garbage-first heap   total 126976K, used 16678K [0x0000000085200000, 0x0000000100000000)
  region size 1024K, 9 young (9216K), 9 survivors (9216K)
 Metaspace       used 21343K, committed 21504K, reserved 1073152K
  class space    used 2500K, committed 2624K, reserved 1048576K
}
Event: 1.678 GC heap before
{Heap before GC invocations=4 (full 0):
 garbage-first heap   total 61440K, used 44326K [0x0000000085200000, 0x0000000100000000)
  region size 1024K, 36 young (36864K), 9 survivors (9216K)
 Metaspace       used 27451K, committed 27648K, reserved 1081344K
  class space    used 3497K, committed 3584K, reserved 1048576K
}
Event: 1.689 GC heap after
{Heap after GC invocations=5 (full 0):
 garbage-first heap   total 61440K, used 19574K [0x0000000085200000, 0x0000000100000000)
  region size 1024K, 3 young (3072K), 3 survivors (3072K)
 Metaspace       used 27451K, committed 27648K, reserved 1081344K
  class space    used 3497K, committed 3584K, reserved 1048576K
}
Event: 1.700 GC heap before
{Heap before GC invocations=5 (full 0):
 garbage-first heap   total 61440K, used 20598K [0x0000000085200000, 0x0000000100000000)
  region size 1024K, 4 young (4096K), 3 survivors (3072K)
 Metaspace       used 27656K, committed 27776K, reserved 1081344K
  class space    used 3518K, committed 3584K, reserved 1048576K
}
Event: 1.704 GC heap after
{Heap after GC invocations=6 (full 0):
 garbage-first heap   total 73728K, used 20738K [0x0000000085200000, 0x0000000100000000)
  region size 1024K, 1 young (1024K), 1 survivors (1024K)
 Metaspace       used 27656K, committed 27776K, reserved 1081344K
  class space    used 3518K, committed 3584K, reserved 1048576K
}
Event: 2.180 GC heap before
{Heap before GC invocations=6 (full 0):
 garbage-first heap   total 73728K, used 52482K [0x0000000085200000, 0x0000000100000000)
  region size 1024K, 32 young (32768K), 1 survivors (1024K)
 Metaspace       used 34407K, committed 34560K, reserved 1081344K
  class space    used 4344K, committed 4416K, reserved 1048576K
}
Event: 2.188 GC heap after
{Heap after GC invocations=7 (full 0):
 garbage-first heap   total 73728K, used 24003K [0x0000000085200000, 0x0000000100000000)
  region size 1024K, 4 young (4096K), 4 survivors (4096K)
 Metaspace       used 34407K, committed 34560K, reserved 1081344K
  class space    used 4344K, committed 4416K, reserved 1048576K
}
Event: 2.354 GC heap before
{Heap before GC invocations=7 (full 0):
 garbage-first heap   total 73728K, used 35267K [0x0000000085200000, 0x0000000100000000)
  region size 1024K, 16 young (16384K), 4 survivors (4096K)
 Metaspace       used 35951K, committed 36096K, reserved 1081344K
  class space    used 4499K, committed 4608K, reserved 1048576K
}
Event: 2.361 GC heap after
{Heap after GC invocations=8 (full 0):
 garbage-first heap   total 73728K, used 26978K [0x0000000085200000, 0x0000000100000000)
  region size 1024K, 3 young (3072K), 3 survivors (3072K)
 Metaspace       used 35951K, committed 36096K, reserved 1081344K
  class space    used 4499K, committed 4608K, reserved 1048576K
}
Event: 2.508 GC heap before
{Heap before GC invocations=9 (full 0):
 garbage-first heap   total 73728K, used 54626K [0x0000000085200000, 0x0000000100000000)
  region size 1024K, 29 young (29696K), 3 survivors (3072K)
 Metaspace       used 37285K, committed 37504K, reserved 1089536K
  class space    used 4640K, committed 4736K, reserved 1048576K
}
Event: 2.513 GC heap after
{Heap after GC invocations=10 (full 0):
 garbage-first heap   total 73728K, used 29522K [0x0000000085200000, 0x0000000100000000)
  region size 1024K, 3 young (3072K), 3 survivors (3072K)
 Metaspace       used 37285K, committed 37504K, reserved 1089536K
  class space    used 4640K, committed 4736K, reserved 1048576K
}
Event: 2.771 GC heap before
{Heap before GC invocations=10 (full 0):
 garbage-first heap   total 73728K, used 54098K [0x0000000085200000, 0x0000000100000000)
  region size 1024K, 27 young (27648K), 3 survivors (3072K)
 Metaspace       used 39108K, committed 39296K, reserved 1089536K
  class space    used 4797K, committed 4928K, reserved 1048576K
}
Event: 2.778 GC heap after
{Heap after GC invocations=11 (full 0):
 garbage-first heap   total 73728K, used 32483K [0x0000000085200000, 0x0000000100000000)
  region size 1024K, 4 young (4096K), 4 survivors (4096K)
 Metaspace       used 39108K, committed 39296K, reserved 1089536K
  class space    used 4797K, committed 4928K, reserved 1048576K
}
Event: 3.194 GC heap before
{Heap before GC invocations=11 (full 0):
 garbage-first heap   total 73728K, used 55011K [0x0000000085200000, 0x0000000100000000)
  region size 1024K, 26 young (26624K), 4 survivors (4096K)
 Metaspace       used 41223K, committed 41408K, reserved 1089536K
  class space    used 4934K, committed 5056K, reserved 1048576K
}

